<?xml version="1.0" encoding="UTF-8"?>
<!-- Generated by org.testng.reporters.JUnitReportReporter -->
<testsuite hostname="Mousa-PC" failures="0" tests="3" name="suselaben.TestngStart" time="6.385" errors="0" timestamp="2024-01-31T12:41:08 EET" skipped="0">
  <testcase classname="suselaben.TestngStart" name="cart" time="0.005"/>
  <testcase classname="suselaben.TestngStart" name="Test_Sorting_low_to_high" time="3.198"/>
  <testcase classname="suselaben.TestngStart" name="Test_Sorting_high_to_low" time="3.182"/>
</testsuite> <!-- suselaben.TestngStart -->
